make all --print-data-base --no-builtin-variables --no-builtin-rules --question
# GNU Make 3.81
# Copyright (C) 2006  Free Software Foundation, Inc.
# This is free software; see the source for copying conditions.
# There is NO warranty; not even for MERCHANTABILITY or FITNESS FOR A
# PARTICULAR PURPOSE.

# This program built for i386-apple-darwin11.3.0
 

# Make data base, printed on Sun Jun  5 15:50:42 2022

# Variables

# automatic
<D = $(patsubst %/,%,$(dir $<))
# automatic
?F = $(notdir $?)
# environment
_fzf_orig_completion_gzip = complete -F %s gzip #_gzip
# environment
_fzf_orig_completion_python = complete -F %s python #_python
# environment
_fzf_orig_completion_perl = complete -F %s perl #_perl
# environment
_fzf_orig_completion_ln = complete -o default -F %s ln #_longopt
# environment
VSCODE_LOG_NATIVE = false
# automatic
?D = $(patsubst %/,%,$(dir $?))
# environment
_fzf_orig_completion_git = complete -o bashdefault -o default -o nospace -F %s git #__git_wrap__git_main
# environment
SECURITYSESSIONID = 186ba
# automatic
@D = $(patsubst %/,%,$(dir $@))
# automatic
@F = $(notdir $@)
# makefile
CURDIR := /Users/carlos/Projects/mo421/lightweightcrypto-iot
# makefile
SHELL = /bin/sh
# environment
VSCODE_NLS_CONFIG = {"locale":"en-us","availableLanguages":{},"_languagePackSupport":true}
# environment
_ = /usr/bin/make
# makefile (from `Makefile', line 2)
CFLAGS = -I src/crypto -DDEBUG
# environment
_fzf_orig_completion_less = complete -o default -F %s less #_longopt
# environment
_fzf_orig_completion_unzip = complete -F %s unzip #_filedir_xspec
# environment
_fzf_orig_completion_ftp = complete -F %s ftp #_known_hosts
# environment
_fzf_orig_completion_tar = complete -F %s tar #_tar
# makefile (from `Makefile', line 1)
MAKEFILE_LIST :=  Makefile
# environment
_fzf_orig_completion_bzip2 = complete -F %s bzip2 #_bzip2
# environment
_fzf_orig_completion_telnet = complete -F %s telnet #_known_hosts
# environment
VSCODE_VERBOSE_LOGGING = true
# environment
__CFBundleIdentifier = com.microsoft.VSCode
# environment
_fzf_orig_completion_vim = complete -F %s vim #_filedir_xspec
# environment
_fzf_orig_completion_uniq = complete -o default -F %s uniq #_longopt
# environment
VSCODE_IPC_HOOK_EXTHOST = /var/folders/r8/j6rlt24n47vb95h4dygn6j7h0000gn/T/vscode-ipc-f0726eb4-7a5d-47af-bd83-a04123524b50.sock
# environment
VSCODE_CWD = /
# environment
_fzf_orig_completion_gunzip = complete -F %s gunzip #_filedir_xspec
# environment
_fzf_orig_completion_tail = complete -o default -F %s tail #_longopt
# environment
PATH = /Users/carlos/.krew/bin:/Users/carlos/gocode/bin:/usr/local/lib/ruby/gems/2.7.0/bin:/usr/local/opt/ruby/bin:/Users/carlos/Library/Python/3.7/bin:/usr/local/bin:/usr/bin:/bin:/usr/sbin:/sbin:/Library/TeX/texbin:/Library/Frameworks/Mono.framework/Versions/Current/Commands:/usr/local/CrossPack-AVR/bin:/Applications/Wireshark.app/Contents/MacOS:/Users/carlos/Projects/Flutter/flutter/bin:/usr/local/opt/fzf/bin:/Users/carlos/gocode/bin:/Users/carlos/.dotnet/tools
# environment
LSCOLORS = gxBxhxDxfxhxhxhxhxcxcx
# environment
_fzf_orig_completion_javac = complete -F %s javac #_javac
# environment
_fzf_orig_completion_tee = complete -o default -F %s tee #_longopt
# environment
FZF_CTRL_T_OPTS = --preview 'bat --style=numbers --color=always {}'
# environment
_fzf_orig_completion_cd = complete -o nospace -F %s cd #_cd
# environment
GOPATH = /Users/carlos/gocode
# environment
_fzf_orig_completion_curl = complete -o default -F %s curl #_longopt
# environment
LaunchInstanceID = B10F6693-7B0F-4104-8B25-704EB0BBA626
# environment
_fzf_orig_completion_awk = complete -o default -F %s awk #_longopt
# environment
VSCODE_LOG_STACK = false
# environment
_fzf_orig_completion_gvim = complete -F %s gvim #_filedir_xspec
# environment
ELECTRON_RUN_AS_NODE = 1
# default
.FEATURES := target-specific order-only second-expansion else-if archives jobserver check-symlink
# environment
SSH_AUTH_SOCK = /private/tmp/com.apple.launchd.afnT8JsjbU/Listeners
# automatic
%F = $(notdir $%)
# environment
_fzf_orig_completion_chown = complete -F %s chown #_chown
# environment
_fzf_orig_completion_rm = complete -o default -F %s rm #_longopt
# environment
VSCODE_PIPE_LOGGING = true
# environment
_fzf_orig_completion_ssh = complete -F %s ssh #_ssh
# environment
PWD = /Users/carlos/Projects/mo421/lightweightcrypto-iot
# environment
_fzf_orig_completion_diff = complete -o default -F %s diff #_longopt
# environment
HISTTIMEFORMAT = %d/%m/%y %T 
# environment
ORIGINAL_XDG_CURRENT_DESKTOP = undefined
# environment
VSCODE_AMD_ENTRYPOINT = vs/workbench/api/node/extensionHostProcess
# environment
_fzf_orig_completion_gcc = complete -F %s gcc #_gcc
# environment
HOME = /Users/carlos
# environment
_fzf_orig_completion_cat = complete -o default -F %s cat #_longopt
# default
MAKEFILEPATH := /Applications/Xcode.app/Contents/Developer/Makefiles
# environment
VSCODE_CODE_CACHE_PATH = /Users/carlos/Library/Application Support/Code/CachedData/c3511e6c69bb39013c4a4b7b9566ec1ca73fc4d5
# environment
LOGNAME = carlos
# environment
APPLICATION_INSIGHTS_NO_DIAGNOSTIC_CHANNEL = true
# environment
_fzf_orig_completion_patch = complete -o default -F %s patch #_longopt
# environment
_fzf_orig_completion_java = complete -F %s java #_java
# environment
_fzf_orig_completion_rmdir = complete -o default -F %s rmdir #_longopt
# environment
_fzf_orig_completion_kill = complete -F %s kill #_kill
# environment
VSCODE_HANDLES_UNCAUGHT_ERRORS = true
# automatic
^D = $(patsubst %/,%,$(dir $^))
# environment
XPC_FLAGS = 0x0
# default
MAKE = $(MAKE_COMMAND)
# default
MAKECMDGOALS := all
# environment
SHLVL = 1
# environment
_fzf_orig_completion_export = complete -o default -o nospace -F %s export #_export
# makefile (from `Makefile', line 1)
CC = gcc
# default
MAKE_VERSION := 3.81
# environment
USER = carlos
# makefile
.DEFAULT_GOAL := all
# environment
_fzf_orig_completion_jar = complete -F %s jar #_jar
# environment
_fzf_orig_completion_rsync = complete -o nospace -F %s rsync #_rsync
# automatic
%D = $(patsubst %/,%,$(dir $%))
# environment
_fzf_orig_completion_du = complete -o default -F %s du #_longopt
# environment
_fzf_orig_completion_sftp = complete -F %s sftp #_sftp
# default
MAKE_COMMAND := /Applications/Xcode.app/Contents/Developer/usr/bin/make
# environment
_fzf_orig_completion_find = complete -F %s find #_find
# default
.VARIABLES := 
# environment
TMPDIR = /var/folders/r8/j6rlt24n47vb95h4dygn6j7h0000gn/T/
# automatic
*F = $(notdir $*)
# environment
VSCODE_IPC_HOOK = /Users/carlos/Library/Application Support/Code/1.67.2-main.sock
# environment
_fzf_orig_completion_ld = complete -o default -F %s ld #_longopt
# makefile
MAKEFLAGS = Rrqp
# environment
MFLAGS = -Rrqp
# automatic
*D = $(patsubst %/,%,$(dir $*))
# environment
XPC_SERVICE_NAME = application.com.microsoft.VSCode.8654395336.8654395342
# environment
_fzf_orig_completion_head = complete -o default -F %s head #_longopt
# automatic
+D = $(patsubst %/,%,$(dir $+))
# environment
_fzf_orig_completion_emacs = complete -F %s emacs #_filedir_xspec
# automatic
+F = $(notdir $+)
# environment
_fzf_orig_completion_scp = complete -o nospace -F %s scp #_scp
# environment
__CF_USER_TEXT_ENCODING = 0x1F5:0x0:0x0
# environment
COMMAND_MODE = unix2003
# default
MAKEFILES := 
# automatic
<F = $(notdir $<)
# environment
_fzf_orig_completion_wc = complete -o default -F %s wc #_longopt
# environment
_fzf_orig_completion_mv = complete -o default -F %s mv #_longopt
# environment
LC_ALL = C
# environment
_fzf_orig_completion_cp = complete -o default -F %s cp #_longopt
# environment
_fzf_orig_completion_ls = complete -o default -F %s ls #_longopt
# environment
_fzf_orig_completion_view = complete -F %s view #_filedir_xspec
# automatic
^F = $(notdir $^)
# environment
_fzf_orig_completion_g__ = complete -F %s g++ #_gcc
# default
SUFFIXES := 
# default
.INCLUDE_DIRS = /usr/local/include
# environment
_fzf_orig_completion_sed = complete -o default -F %s sed #_longopt
# environment
MAKELEVEL := 0
# environment
_fzf_orig_completion_bunzip2 = complete -F %s bunzip2 #_filedir_xspec
# environment
CLICOLOR = 1
# environment
_fzf_orig_completion_vi = complete -F %s vi #_filedir_xspec
# environment
FZF_DEFAULT_OPTS = --bind='F2:toggle-preview' --preview='bat {}' --preview-window=right:hidden
# environment
LANG = C
# environment
_fzf_orig_completion_grep = complete -o default -F %s grep #_longopt
# environment
VSCODE_PID = 3837
# environment
_fzf_orig_completion_sort = complete -o default -F %s sort #_longopt
# variable set hash-table stats:
 
# Load=124/1024=12%, Rehash=0, Collisions=6/154=4%

# Pattern-specific Variable Values

# No pattern-specific variable values.

# Directories

# . (device 16777220, inode 8654419347): 8 files, no impossibilities.

# 8 files, no impossibilities in 1 directories.

# Implicit Rules

# No implicit rules.

# Files

all: bench
#  Command-line target.
#  Implicit rule search has been done.
#  File does not exist.
#  File has been updated.
#  Needs to be updated (-q is set).
# variable set hash-table stats:
# Load=0/32=0%, Rehash=0, Collisions=0/6=0%

bin:
#  Implicit rule search has not been done.
#  Last modified 2022-06-05 15:50:28
#  File has been updated.
#  Successfully updated.
#  commands to execute (from `Makefile', line 7):
	mkdir -p bin
	

.PHONY: clean
#  Implicit rule search has not been done.
#  Modification time never checked.
#  File has not been updated.

# Not a target:
.SUFFIXES:
#  Implicit rule search has not been done.
#  Modification time never checked.
#  File has not been updated.

# Not a target:
Makefile:
#  Implicit rule search has been done.
#  Last modified 2022-06-05 15:50:26
#  File has been updated.
#  Successfully updated.
# variable set hash-table stats:
# Load=0/32=0%, Rehash=0, Collisions=0/0=0%

# Not a target:
.DEFAULT:
#  Implicit rule search has not been done.
#  Modification time never checked.
#  File has not been updated.

clean:
#  Phony target (prerequisite of .PHONY).
#  Implicit rule search has not been done.
#  File does not exist.
#  File has not been updated.
#  commands to execute (from `Makefile', line 15):
	rm -rf bin
	

bench: bin
#  Implicit rule search has not been done.
#  Implicit/static pattern stem: `'
#  File does not exist.
#  File has been updated.
#  Needs to be updated (-q is set).
# automatic
# @ := bench
# automatic
# % := 
# automatic
# * := 
# automatic
# + := bin
# automatic
# | := 
# automatic
# < := bin
# automatic
# ^ := bin
# automatic
# ? := bin
# variable set hash-table stats:
# Load=8/32=25%, Rehash=0, Collisions=1/14=7%
#  commands to execute (from `Makefile', line 10):
	${CC} ${CFLAGS} src/benchmark/client.c src/crypto/**/*.c -o bin/client
	${CC} ${CFLAGS} src/benchmark/server.c src/crypto/**/*.c -o bin/server
	

# files hash-table stats:
# Load=8/1024=1%, Rehash=0, Collisions=0/25=0%
# VPATH Search Paths

# No `vpath' search paths.

# No general (`VPATH' variable) search path.

# # of strings in strcache: 1
# # of strcache buffers: 1
# strcache size: total = 4096 / max = 4096 / min = 4096 / avg = 4096
# strcache free: total = 4087 / max = 4087 / min = 4087 / avg = 4087

# Finished Make data base on Sun Jun  5 15:50:42 2022

 
